mode: atomic
captain/pkg/server/request/context.go:32.35,34.2 1 3
captain/pkg/server/request/context.go:37.42,39.2 1 1
captain/pkg/server/request/context.go:42.90,44.2 1 2
captain/pkg/server/request/context.go:47.78,49.2 1 1
captain/pkg/server/request/context.go:52.56,55.2 2 2
captain/pkg/server/request/context.go:58.49,61.2 2 0
captain/pkg/server/request/context.go:64.71,66.2 1 1
captain/pkg/server/request/context.go:69.54,72.2 2 2
captain/pkg/server/request/context.go:75.78,77.2 1 0
captain/pkg/server/request/context.go:80.55,83.2 2 0
captain/pkg/server/request/requestinfo.go:108.86,122.15 2 13
captain/pkg/server/request/requestinfo.go:136.2,137.27 2 13
captain/pkg/server/request/requestinfo.go:141.2,141.41 1 11
captain/pkg/server/request/requestinfo.go:145.2,149.34 3 11
captain/pkg/server/request/requestinfo.go:157.2,157.35 1 11
captain/pkg/server/request/requestinfo.go:166.2,166.56 1 11
captain/pkg/server/request/requestinfo.go:177.2,181.64 4 10
captain/pkg/server/request/requestinfo.go:206.2,206.37 1 10
captain/pkg/server/request/requestinfo.go:216.2,216.37 1 10
captain/pkg/server/request/requestinfo.go:242.2,247.9 3 10
captain/pkg/server/request/requestinfo.go:259.2,259.61 1 10
captain/pkg/server/request/requestinfo.go:292.2,292.33 1 10
captain/pkg/server/request/requestinfo.go:302.2,302.64 1 10
captain/pkg/server/request/requestinfo.go:306.2,306.26 1 10
captain/pkg/server/request/requestinfo.go:122.15,124.19 2 13
captain/pkg/server/request/requestinfo.go:131.3,131.40 1 13
captain/pkg/server/request/requestinfo.go:124.19,127.54 2 2
captain/pkg/server/request/requestinfo.go:127.54,129.5 1 2
captain/pkg/server/request/requestinfo.go:131.40,133.4 1 7
captain/pkg/server/request/requestinfo.go:137.27,139.3 1 2
captain/pkg/server/request/requestinfo.go:141.41,144.3 1 0
captain/pkg/server/request/requestinfo.go:149.34,150.28 1 0
captain/pkg/server/request/requestinfo.go:153.3,153.28 1 0
captain/pkg/server/request/requestinfo.go:150.28,152.4 1 0
captain/pkg/server/request/requestinfo.go:153.28,155.4 1 0
captain/pkg/server/request/requestinfo.go:157.35,158.28 1 4
captain/pkg/server/request/requestinfo.go:161.3,161.28 1 4
captain/pkg/server/request/requestinfo.go:158.28,160.4 1 4
captain/pkg/server/request/requestinfo.go:161.28,163.4 1 4
captain/pkg/server/request/requestinfo.go:166.56,168.28 1 9
captain/pkg/server/request/requestinfo.go:173.3,174.34 2 8
captain/pkg/server/request/requestinfo.go:168.28,171.4 1 1
captain/pkg/server/request/requestinfo.go:181.64,182.28 1 0
captain/pkg/server/request/requestinfo.go:186.3,187.34 2 0
captain/pkg/server/request/requestinfo.go:182.28,184.4 1 0
captain/pkg/server/request/requestinfo.go:188.8,189.21 1 10
captain/pkg/server/request/requestinfo.go:190.15,191.31 1 0
captain/pkg/server/request/requestinfo.go:192.22,193.28 1 10
captain/pkg/server/request/requestinfo.go:194.14,195.31 1 0
captain/pkg/server/request/requestinfo.go:196.16,197.30 1 0
captain/pkg/server/request/requestinfo.go:198.17,199.31 1 0
captain/pkg/server/request/requestinfo.go:200.11,201.25 1 0
captain/pkg/server/request/requestinfo.go:206.37,207.28 1 3
captain/pkg/server/request/requestinfo.go:210.3,210.28 1 3
captain/pkg/server/request/requestinfo.go:207.28,209.4 1 2
captain/pkg/server/request/requestinfo.go:210.28,212.4 1 2
captain/pkg/server/request/requestinfo.go:216.37,217.28 1 4
captain/pkg/server/request/requestinfo.go:217.28,222.76 2 2
captain/pkg/server/request/requestinfo.go:222.76,224.5 1 2
captain/pkg/server/request/requestinfo.go:226.8,226.40 1 6
captain/pkg/server/request/requestinfo.go:226.40,227.28 1 0
captain/pkg/server/request/requestinfo.go:227.28,232.29 2 0
captain/pkg/server/request/requestinfo.go:232.29,234.5 1 0
captain/pkg/server/request/requestinfo.go:236.8,239.3 2 6
captain/pkg/server/request/requestinfo.go:248.88,250.14 2 0
captain/pkg/server/request/requestinfo.go:251.35,253.14 2 1
captain/pkg/server/request/requestinfo.go:254.35,255.46 1 10
captain/pkg/server/request/requestinfo.go:259.61,261.134 2 9
captain/pkg/server/request/requestinfo.go:276.3,276.17 1 9
captain/pkg/server/request/requestinfo.go:282.3,282.32 1 9
captain/pkg/server/request/requestinfo.go:261.134,267.59 3 0
captain/pkg/server/request/requestinfo.go:267.59,268.39 1 0
captain/pkg/server/request/requestinfo.go:269.23,269.23 0 0
captain/pkg/server/request/requestinfo.go:270.13,271.23 1 0
captain/pkg/server/request/requestinfo.go:276.17,278.4 1 0
captain/pkg/server/request/requestinfo.go:278.9,280.4 1 9
captain/pkg/server/request/requestinfo.go:282.32,283.78 1 0
captain/pkg/server/request/requestinfo.go:283.78,284.52 1 0
captain/pkg/server/request/requestinfo.go:284.52,286.6 1 0
captain/pkg/server/request/requestinfo.go:292.33,294.59 2 0
captain/pkg/server/request/requestinfo.go:294.59,298.4 3 0
captain/pkg/server/request/requestinfo.go:302.64,304.3 1 0
captain/pkg/server/request/requestinfo.go:316.81,318.2 1 0
captain/pkg/server/request/requestinfo.go:320.64,323.2 2 0
captain/pkg/server/request/requestinfo.go:326.38,328.16 2 15
captain/pkg/server/request/requestinfo.go:331.2,331.33 1 15
captain/pkg/server/request/requestinfo.go:328.16,330.3 1 0
captain/pkg/server/request/requestinfo.go:343.79,344.65 1 10
captain/pkg/server/request/requestinfo.go:348.2,348.29 1 10
captain/pkg/server/request/requestinfo.go:352.2,352.26 1 8
captain/pkg/server/request/requestinfo.go:356.2,356.29 1 8
captain/pkg/server/request/requestinfo.go:360.2,360.21 1 6
captain/pkg/server/request/requestinfo.go:344.65,346.3 1 0
captain/pkg/server/request/requestinfo.go:348.29,350.3 1 2
captain/pkg/server/request/requestinfo.go:352.26,354.3 1 0
captain/pkg/server/request/requestinfo.go:356.29,358.3 1 2
captain/pkg/server/request/requestinfo.go:363.84,364.50 1 10
captain/pkg/server/request/requestinfo.go:369.2,369.14 1 10
captain/pkg/server/request/requestinfo.go:364.50,365.76 1 0
captain/pkg/server/request/requestinfo.go:365.76,367.4 1 0
captain/pkg/simple/client/cache/options.go:19.33,26.2 1 0
captain/pkg/simple/client/cache/options.go:29.38,32.17 2 0
captain/pkg/simple/client/cache/options.go:36.2,36.15 1 0
captain/pkg/simple/client/cache/options.go:32.17,34.3 1 0
captain/pkg/simple/client/cache/options.go:41.59,48.2 4 0
captain/pkg/simple/client/cache/redis.go:16.81,25.19 3 0
captain/pkg/simple/client/cache/redis.go:29.2,31.46 2 0
captain/pkg/simple/client/cache/redis.go:37.2,37.19 1 0
captain/pkg/simple/client/cache/redis.go:46.2,46.16 1 0
captain/pkg/simple/client/cache/redis.go:25.19,27.3 1 0
captain/pkg/simple/client/cache/redis.go:31.46,34.3 2 0
captain/pkg/simple/client/cache/redis.go:37.19,38.13 1 0
captain/pkg/simple/client/cache/redis.go:38.13,40.43 2 0
captain/pkg/simple/client/cache/redis.go:40.43,42.5 1 0
captain/pkg/simple/client/cache/redis.go:49.50,51.2 1 0
captain/pkg/simple/client/cache/redis.go:53.57,55.2 1 0
captain/pkg/simple/client/cache/redis.go:57.78,59.2 1 0
captain/pkg/simple/client/cache/redis.go:61.44,63.2 1 0
captain/pkg/simple/client/cache/redis.go:65.55,67.16 2 0
captain/pkg/simple/client/cache/redis.go:71.2,71.43 1 0
captain/pkg/simple/client/cache/redis.go:67.16,69.3 1 0
captain/pkg/simple/client/cache/redis.go:74.67,76.2 1 0
captain/pkg/simple/client/cache/simple_cache.go:25.33,27.2 1 3
captain/pkg/simple/client/cache/simple_cache.go:29.62,35.16 3 3
captain/pkg/simple/client/cache/simple_cache.go:38.2,39.25 2 3
captain/pkg/simple/client/cache/simple_cache.go:45.2,45.18 1 3
captain/pkg/simple/client/cache/simple_cache.go:35.16,37.3 1 0
captain/pkg/simple/client/cache/simple_cache.go:39.25,40.24 1 13
captain/pkg/simple/client/cache/simple_cache.go:40.24,42.4 1 13
captain/pkg/simple/client/cache/simple_cache.go:48.83,55.29 2 15
captain/pkg/simple/client/cache/simple_cache.go:59.2,60.12 2 15
captain/pkg/simple/client/cache/simple_cache.go:55.29,57.3 1 15
captain/pkg/simple/client/cache/simple_cache.go:63.49,64.27 1 1
captain/pkg/simple/client/cache/simple_cache.go:67.2,67.12 1 1
captain/pkg/simple/client/cache/simple_cache.go:64.27,66.3 1 2
captain/pkg/simple/client/cache/simple_cache.go:70.55,71.37 1 16
captain/pkg/simple/client/cache/simple_cache.go:77.2,77.25 1 3
captain/pkg/simple/client/cache/simple_cache.go:71.37,72.66 1 16
captain/pkg/simple/client/cache/simple_cache.go:72.66,74.4 1 13
captain/pkg/simple/client/cache/simple_cache.go:80.60,81.27 1 0
captain/pkg/simple/client/cache/simple_cache.go:87.2,87.18 1 0
captain/pkg/simple/client/cache/simple_cache.go:81.27,82.33 1 0
captain/pkg/simple/client/cache/simple_cache.go:82.33,84.4 1 0
captain/pkg/simple/client/cache/simple_cache.go:90.72,92.16 2 3
captain/pkg/simple/client/cache/simple_cache.go:96.2,102.29 2 3
captain/pkg/simple/client/cache/simple_cache.go:106.2,107.12 2 3
captain/pkg/simple/client/cache/simple_cache.go:92.16,94.3 1 0
captain/pkg/simple/client/cache/simple_cache.go:102.29,104.3 1 0
captain/pkg/simple/server/params/params.go:29.60,33.18 4 11
captain/pkg/simple/server/params/params.go:43.2,46.55 2 11
captain/pkg/simple/server/params/params.go:49.2,49.8 1 11
captain/pkg/simple/server/params/params.go:33.18,34.110 1 5
captain/pkg/simple/server/params/params.go:34.110,37.4 2 2
captain/pkg/simple/server/params/params.go:38.8,42.3 2 6
captain/pkg/simple/server/params/params.go:46.55,48.3 1 2
captain/pkg/simple/server/params/params.go:52.48,53.50 1 21
captain/pkg/simple/server/params/params.go:56.2,56.15 1 9
captain/pkg/simple/server/params/params.go:53.50,55.3 1 12
captain/pkg/simple/server/params/params.go:64.65,70.26 2 9
captain/pkg/simple/server/params/params.go:97.2,97.24 1 4
captain/pkg/simple/server/params/params.go:70.26,72.43 2 16
captain/pkg/simple/server/params/params.go:77.3,77.16 1 16
captain/pkg/simple/server/params/params.go:80.3,82.47 3 16
captain/pkg/simple/server/params/params.go:88.3,88.39 1 16
captain/pkg/simple/server/params/params.go:91.3,91.14 1 11
captain/pkg/simple/server/params/params.go:72.43,74.4 1 10
captain/pkg/simple/server/params/params.go:74.9,76.4 1 6
captain/pkg/simple/server/params/params.go:77.16,78.12 1 0
captain/pkg/simple/server/params/params.go:82.47,83.21 1 14
captain/pkg/simple/server/params/params.go:86.4,86.35 1 14
captain/pkg/simple/server/params/params.go:83.21,85.5 1 3
captain/pkg/simple/server/params/params.go:88.39,90.4 1 5
captain/pkg/simple/server/params/params.go:91.14,93.4 1 3
captain/pkg/simple/server/params/params.go:93.9,95.4 1 8
captain/pkg/simple/server/params/params.go:100.65,102.2 1 7
captain/pkg/simple/server/params/params.go:109.79,111.54 2 0
captain/pkg/simple/server/params/params.go:114.2,114.11 1 0
captain/pkg/simple/server/params/params.go:111.54,113.3 1 0
captain/pkg/simple/server/params/params.go:117.85,119.13 2 0
captain/pkg/simple/server/params/params.go:122.2,122.10 1 0
captain/pkg/simple/server/params/params.go:119.13,121.3 1 0
captain/pkg/server/config/config.go:62.46,63.24 1 0
captain/pkg/server/config/config.go:74.2,74.22 1 0
captain/pkg/server/config/config.go:63.24,65.48 2 0
captain/pkg/server/config/config.go:65.48,67.47 2 0
captain/pkg/server/config/config.go:67.47,69.5 1 0
captain/pkg/server/config/config.go:69.10,71.5 1 0
captain/pkg/server/config/config.go:77.50,79.23 2 1
captain/pkg/server/config/config.go:87.2,87.19 1 1
captain/pkg/server/config/config.go:79.23,80.45 1 1
captain/pkg/server/config/config.go:85.3,85.31 1 1
captain/pkg/server/config/config.go:80.45,81.57 1 0
captain/pkg/server/config/config.go:81.57,83.5 1 0
captain/pkg/server/config/config.go:90.30,108.2 7 1
captain/pkg/server/config/config.go:118.20,124.2 1 1
captain/pkg/server/config/config.go:128.41,130.2 1 1
captain/pkg/server/config/config.go:133.40,135.2 1 0
captain/pkg/server/config/config.go:139.45,143.17 3 0
captain/pkg/server/config/config.go:147.2,149.36 2 0
captain/pkg/server/config/config.go:164.2,164.15 1 0
captain/pkg/server/config/config.go:143.17,145.3 1 0
captain/pkg/server/config/config.go:149.36,151.35 2 0
captain/pkg/server/config/config.go:157.3,157.25 1 0
captain/pkg/server/config/config.go:151.35,152.12 1 0
captain/pkg/server/config/config.go:157.25,159.4 1 0
captain/pkg/server/config/config.go:159.9,161.4 1 0
captain/pkg/server/config/config.go:168.41,170.62 1 1
captain/pkg/server/config/config.go:170.62,172.3 1 1
captain/pkg/server/config/config.go:177.62,180.9 3 0
captain/pkg/server/config/config.go:184.2,184.57 1 0
captain/pkg/server/config/config.go:187.2,187.15 1 0
captain/pkg/server/config/config.go:180.9,182.3 1 0
captain/pkg/server/config/config.go:184.57,186.3 1 0
